[09-Dec-2024 03:25:45 UTC] Automatic updates starting...
[09-Dec-2024 03:25:46 UTC]   Automatic plugin updates starting...
[09-Dec-2024 03:25:46 UTC]   Automatic plugin updates complete.
[09-Dec-2024 03:25:46 UTC]   Automatic theme updates starting...
[09-Dec-2024 03:25:46 UTC]   Automatic theme updates complete.
[09-Dec-2024 03:25:46 UTC] Automatic updates complete.
[09-Dec-2024 03:25:47 UTC] auditor:scan=fingerprint {"blog_id":1,"kind":"mu-plugin","name":"WP Engine System","slug":"mu-plugin.php","ver":"6.3.0","sig":"v1:nohash"}
[09-Dec-2024 03:25:47 UTC] auditor:scan=fingerprint {"blog_id":1,"kind":"mu-plugin","name":"Force Strong Passwords - WPE Edition","slug":"slt-force-strong-passwords.php","ver":"1.8.0","sig":"v1:nohash"}
[09-Dec-2024 03:25:47 UTC] auditor:scan=fingerprint {"blog_id":1,"kind":"mu-plugin","name":"WP Migrate Lite Compatibility","slug":"wp-migrate-db-pro-compatibility.php","ver":"1.3","sig":"v1:nohash"}
[09-Dec-2024 03:25:47 UTC] auditor:scan=fingerprint {"blog_id":1,"kind":"mu-plugin","name":"WP Engine Cache Plugin","slug":"wpe-cache-plugin.php","ver":"1.3.2","sig":"v1:nohash"}
[09-Dec-2024 03:25:47 UTC] auditor:scan=fingerprint {"blog_id":1,"kind":"mu-plugin","name":"WP Engine Seamless Login Plugin","slug":"wpe-wp-sign-on-plugin.php","ver":"1.6.1","sig":"v1:nohash"}
[09-Dec-2024 03:25:47 UTC] auditor:scan=fingerprint {"blog_id":1,"kind":"mu-plugin","name":"WP Engine Security Auditor","slug":"wpengine-security-auditor.php","ver":"1.1.1","sig":"v1:nohash"}
[09-Dec-2024 03:25:47 UTC] auditor:scan=fingerprint {"blog_id":1,"kind":"active-plugin","name":"Gravity Forms","slug":"gravityforms/gravityforms.php","ver":"2.9.0","sig":"v1:nohash"}
[09-Dec-2024 03:25:47 UTC] auditor:scan=fingerprint {"blog_id":1,"kind":"active-plugin","name":"Advanced Custom Fields","slug":"advanced-custom-fields/acf.php","ver":"6.3.11","sig":"v1:nohash"}
[09-Dec-2024 03:25:47 UTC] auditor:scan=fingerprint {"blog_id":1,"kind":"active-plugin","name":"Classic Editor","slug":"classic-editor/classic-editor.php","ver":"1.6.5","sig":"v1:nohash"}
[09-Dec-2024 03:25:47 UTC] auditor:scan=fingerprint {"blog_id":1,"kind":"active-plugin","name":"Custom Post Type UI","slug":"custom-post-type-ui/custom-post-type-ui.php","ver":"1.17.1","sig":"v1:nohash"}
[09-Dec-2024 03:25:47 UTC] auditor:scan=fingerprint {"blog_id":1,"kind":"active-plugin","name":"Gravity Forms Advanced Post Creation Add-On","slug":"gravityformsadvancedpostcreation/advancedpostcreation.php","ver":"1.4.0","sig":"v1:nohash"}
[09-Dec-2024 03:25:47 UTC] auditor:scan=fingerprint {"blog_id":1,"kind":"active-plugin","name":"WP Crontrol","slug":"wp-crontrol/wp-crontrol.php","ver":"1.17.0","sig":"v1:nohash"}
[09-Dec-2024 03:25:47 UTC] auditor:scan=fingerprint {"blog_id":1,"kind":"active-plugin","name":"WP Migrate Lite","slug":"wp-migrate-db/wp-migrate-db.php","ver":"2.7.0","sig":"v1:nohash"}
[09-Dec-2024 03:25:47 UTC] auditor:scan=fingerprint {"blog_id":1,"kind":"installed-plugin","name":"Genesis Blocks","slug":"genesis-blocks/genesis-blocks.php","ver":"3.1.5","sig":"v1:nohash"}
[09-Dec-2024 03:27:57 UTC] auditor:event=wp_login {"user_id":1,"blog_id":1,"event":"wp_login","current_user_id":0,"remote_addr":"49.204.229.243"}
[09-Dec-2024 05:04:21 UTC] auditor:scan=fingerprint {"blog_id":1,"kind":"theme","name":"Genesis Block Theme","slug":"genesis-block-theme","ver":"1.0.0","sig":"v1:nohash"}
[09-Dec-2024 05:04:21 UTC] auditor:scan=fingerprint {"blog_id":1,"kind":"theme","name":"Twenty Twenty-Four","slug":"twentytwentyfour","ver":"1.2","sig":"v1:nohash"}
[09-Dec-2024 05:04:21 UTC] auditor:scan=fingerprint {"blog_id":1,"kind":"theme","name":"Twenty Twenty-Three","slug":"twentytwentythree","ver":"1.5","sig":"v1:nohash"}
[09-Dec-2024 05:04:21 UTC] auditor:scan=fingerprint {"blog_id":1,"kind":"theme","name":"Twenty Twenty-Two","slug":"twentytwentytwo","ver":"1.8","sig":"v1:nohash"}
[10-Dec-2024 03:26:53 UTC] auditor:scan=fingerprint {"blog_id":1,"kind":"mu-plugin","name":"WP Engine System","slug":"mu-plugin.php","ver":"6.3.0","sig":"v1:nohash"}
[10-Dec-2024 03:26:53 UTC] auditor:scan=fingerprint {"blog_id":1,"kind":"mu-plugin","name":"Force Strong Passwords - WPE Edition","slug":"slt-force-strong-passwords.php","ver":"1.8.0","sig":"v1:nohash"}
[10-Dec-2024 03:26:53 UTC] auditor:scan=fingerprint {"blog_id":1,"kind":"mu-plugin","name":"WP Migrate Lite Compatibility","slug":"wp-migrate-db-pro-compatibility.php","ver":"1.3","sig":"v1:nohash"}
[10-Dec-2024 03:26:53 UTC] auditor:scan=fingerprint {"blog_id":1,"kind":"mu-plugin","name":"WP Engine Cache Plugin","slug":"wpe-cache-plugin.php","ver":"1.3.2","sig":"v1:nohash"}
[10-Dec-2024 03:26:53 UTC] auditor:scan=fingerprint {"blog_id":1,"kind":"mu-plugin","name":"WP Engine Seamless Login Plugin","slug":"wpe-wp-sign-on-plugin.php","ver":"1.6.1","sig":"v1:nohash"}
[10-Dec-2024 03:26:53 UTC] auditor:scan=fingerprint {"blog_id":1,"kind":"mu-plugin","name":"WP Engine Security Auditor","slug":"wpengine-security-auditor.php","ver":"1.1.1","sig":"v1:nohash"}
[10-Dec-2024 03:26:53 UTC] auditor:scan=fingerprint {"blog_id":1,"kind":"active-plugin","name":"Gravity Forms","slug":"gravityforms/gravityforms.php","ver":"2.9.0","sig":"v1:nohash"}
[10-Dec-2024 03:26:53 UTC] auditor:scan=fingerprint {"blog_id":1,"kind":"active-plugin","name":"Advanced Custom Fields","slug":"advanced-custom-fields/acf.php","ver":"6.3.11","sig":"v1:nohash"}
[10-Dec-2024 03:26:53 UTC] auditor:scan=fingerprint {"blog_id":1,"kind":"active-plugin","name":"Classic Editor","slug":"classic-editor/classic-editor.php","ver":"1.6.5","sig":"v1:nohash"}
[10-Dec-2024 03:26:53 UTC] auditor:scan=fingerprint {"blog_id":1,"kind":"active-plugin","name":"Custom Post Type UI","slug":"custom-post-type-ui/custom-post-type-ui.php","ver":"1.17.1","sig":"v1:nohash"}
[10-Dec-2024 03:26:53 UTC] auditor:scan=fingerprint {"blog_id":1,"kind":"active-plugin","name":"Gravity Forms Advanced Post Creation Add-On","slug":"gravityformsadvancedpostcreation/advancedpostcreation.php","ver":"1.4.0","sig":"v1:nohash"}
[10-Dec-2024 03:26:53 UTC] auditor:scan=fingerprint {"blog_id":1,"kind":"active-plugin","name":"WP Crontrol","slug":"wp-crontrol/wp-crontrol.php","ver":"1.17.0","sig":"v1:nohash"}
[10-Dec-2024 03:26:53 UTC] auditor:scan=fingerprint {"blog_id":1,"kind":"active-plugin","name":"WP Migrate Lite","slug":"wp-migrate-db/wp-migrate-db.php","ver":"2.7.0","sig":"v1:nohash"}
[10-Dec-2024 03:26:53 UTC] auditor:scan=fingerprint {"blog_id":1,"kind":"installed-plugin","name":"Genesis Blocks","slug":"genesis-blocks/genesis-blocks.php","ver":"3.1.5","sig":"v1:nohash"}
[10-Dec-2024 03:26:53 UTC] Automatic updates starting...
[10-Dec-2024 03:26:54 UTC]   Automatic plugin updates starting...
[10-Dec-2024 03:26:54 UTC]   Automatic plugin updates complete.
[10-Dec-2024 03:26:54 UTC]   Automatic theme updates starting...
[10-Dec-2024 03:26:54 UTC]   Automatic theme updates complete.
[10-Dec-2024 03:26:54 UTC] Automatic updates complete.
[10-Dec-2024 03:26:55 UTC] auditor:scan=fingerprint {"blog_id":1,"kind":"wp-core","name":"wp-includes","slug":"wp-includes","ver":"6.6.1","sig":"v1:nohash"}
[10-Dec-2024 03:26:55 UTC] auditor:scan=fingerprint {"blog_id":1,"kind":"wp-core","name":"wp-admin","slug":"wp-admin","ver":"6.6.1","sig":"v1:nohash"}
[10-Dec-2024 09:52:47 UTC] auditor:scan=fingerprint {"blog_id":1,"kind":"mu-plugin","name":"WP Engine System","slug":"mu-plugin.php","ver":"6.3.0","sig":"v1:nohash"}
[10-Dec-2024 09:52:47 UTC] auditor:scan=fingerprint {"blog_id":1,"kind":"mu-plugin","name":"Force Strong Passwords - WPE Edition","slug":"slt-force-strong-passwords.php","ver":"1.8.0","sig":"v1:nohash"}
[10-Dec-2024 09:52:47 UTC] auditor:scan=fingerprint {"blog_id":1,"kind":"mu-plugin","name":"WP Migrate Lite Compatibility","slug":"wp-migrate-db-pro-compatibility.php","ver":"1.3","sig":"v1:nohash"}
[10-Dec-2024 09:52:47 UTC] auditor:scan=fingerprint {"blog_id":1,"kind":"mu-plugin","name":"WP Engine Cache Plugin","slug":"wpe-cache-plugin.php","ver":"1.3.2","sig":"v1:nohash"}
[10-Dec-2024 09:52:47 UTC] auditor:scan=fingerprint {"blog_id":1,"kind":"mu-plugin","name":"WP Engine Seamless Login Plugin","slug":"wpe-wp-sign-on-plugin.php","ver":"1.6.1","sig":"v1:nohash"}
[10-Dec-2024 09:52:47 UTC] auditor:scan=fingerprint {"blog_id":1,"kind":"mu-plugin","name":"WP Engine Security Auditor","slug":"wpengine-security-auditor.php","ver":"1.1.1","sig":"v1:nohash"}
[10-Dec-2024 09:52:47 UTC] auditor:scan=fingerprint {"blog_id":1,"kind":"active-plugin","name":"Gravity Forms","slug":"gravityforms/gravityforms.php","ver":"2.9.0","sig":"v1:nohash"}
[10-Dec-2024 09:52:47 UTC] auditor:scan=fingerprint {"blog_id":1,"kind":"active-plugin","name":"Advanced Custom Fields","slug":"advanced-custom-fields/acf.php","ver":"6.3.11","sig":"v1:nohash"}
[10-Dec-2024 09:52:47 UTC] auditor:scan=fingerprint {"blog_id":1,"kind":"active-plugin","name":"Classic Editor","slug":"classic-editor/classic-editor.php","ver":"1.6.5","sig":"v1:nohash"}
[10-Dec-2024 09:52:47 UTC] auditor:scan=fingerprint {"blog_id":1,"kind":"active-plugin","name":"Custom Post Type UI","slug":"custom-post-type-ui/custom-post-type-ui.php","ver":"1.17.1","sig":"v1:nohash"}
[10-Dec-2024 09:52:47 UTC] auditor:scan=fingerprint {"blog_id":1,"kind":"active-plugin","name":"Gravity Forms Advanced Post Creation Add-On","slug":"gravityformsadvancedpostcreation/advancedpostcreation.php","ver":"1.4.0","sig":"v1:nohash"}
[10-Dec-2024 09:52:47 UTC] auditor:scan=fingerprint {"blog_id":1,"kind":"active-plugin","name":"WP Crontrol","slug":"wp-crontrol/wp-crontrol.php","ver":"1.17.0","sig":"v1:nohash"}
[10-Dec-2024 09:52:47 UTC] auditor:scan=fingerprint {"blog_id":1,"kind":"active-plugin","name":"WP Migrate Lite","slug":"wp-migrate-db/wp-migrate-db.php","ver":"2.7.0","sig":"v1:nohash"}
[10-Dec-2024 09:52:47 UTC] auditor:scan=fingerprint {"blog_id":1,"kind":"installed-plugin","name":"Genesis Blocks","slug":"genesis-blocks/genesis-blocks.php","ver":"3.1.5","sig":"v1:nohash"}
[10-Dec-2024 09:52:47 UTC] auditor:scan=fingerprint {"blog_id":1,"kind":"theme","name":"Genesis Block Theme","slug":"genesis-block-theme","ver":"1.0.0","sig":"v1:nohash"}
[10-Dec-2024 09:52:47 UTC] auditor:scan=fingerprint {"blog_id":1,"kind":"theme","name":"Twenty Twenty-Four","slug":"twentytwentyfour","ver":"1.2","sig":"v1:nohash"}
[10-Dec-2024 09:52:47 UTC] auditor:scan=fingerprint {"blog_id":1,"kind":"theme","name":"Twenty Twenty-Three","slug":"twentytwentythree","ver":"1.5","sig":"v1:nohash"}
[10-Dec-2024 09:52:47 UTC] auditor:scan=fingerprint {"blog_id":1,"kind":"theme","name":"Twenty Twenty-Two","slug":"twentytwentytwo","ver":"1.8","sig":"v1:nohash"}
[11-Dec-2024 03:59:21 UTC] auditor:scan=fingerprint {"blog_id":1,"kind":"wp-core","name":"wp-includes","slug":"wp-includes","ver":"6.6.1","sig":"v1:nohash"}
[11-Dec-2024 03:59:21 UTC] auditor:scan=fingerprint {"blog_id":1,"kind":"wp-core","name":"wp-admin","slug":"wp-admin","ver":"6.6.1","sig":"v1:nohash"}
[11-Dec-2024 03:59:21 UTC] Automatic updates starting...
[11-Dec-2024 03:59:22 UTC]   Automatic plugin updates starting...
[11-Dec-2024 03:59:22 UTC]   Automatic plugin updates complete.
[11-Dec-2024 03:59:22 UTC]   Automatic theme updates starting...
[11-Dec-2024 03:59:22 UTC]   Automatic theme updates complete.
[11-Dec-2024 03:59:22 UTC] Automatic updates complete.
[11-Dec-2024 06:21:34 UTC] auditor:scan=fingerprint {"blog_id":1,"kind":"mu-plugin","name":"WP Engine System","slug":"mu-plugin.php","ver":"6.3.0","sig":"v1:nohash"}
[11-Dec-2024 06:21:34 UTC] auditor:scan=fingerprint {"blog_id":1,"kind":"mu-plugin","name":"Force Strong Passwords - WPE Edition","slug":"slt-force-strong-passwords.php","ver":"1.8.0","sig":"v1:nohash"}
[11-Dec-2024 06:21:34 UTC] auditor:scan=fingerprint {"blog_id":1,"kind":"mu-plugin","name":"WP Migrate Lite Compatibility","slug":"wp-migrate-db-pro-compatibility.php","ver":"1.3","sig":"v1:nohash"}
[11-Dec-2024 06:21:34 UTC] auditor:scan=fingerprint {"blog_id":1,"kind":"mu-plugin","name":"WP Engine Cache Plugin","slug":"wpe-cache-plugin.php","ver":"1.3.2","sig":"v1:nohash"}
[11-Dec-2024 06:21:34 UTC] auditor:scan=fingerprint {"blog_id":1,"kind":"mu-plugin","name":"WP Engine Seamless Login Plugin","slug":"wpe-wp-sign-on-plugin.php","ver":"1.6.1","sig":"v1:nohash"}
[11-Dec-2024 06:21:34 UTC] auditor:scan=fingerprint {"blog_id":1,"kind":"mu-plugin","name":"WP Engine Security Auditor","slug":"wpengine-security-auditor.php","ver":"1.1.1","sig":"v1:nohash"}
[11-Dec-2024 06:21:34 UTC] auditor:scan=fingerprint {"blog_id":1,"kind":"active-plugin","name":"Gravity Forms","slug":"gravityforms/gravityforms.php","ver":"2.9.0","sig":"v1:nohash"}
[11-Dec-2024 06:21:34 UTC] auditor:scan=fingerprint {"blog_id":1,"kind":"active-plugin","name":"Advanced Custom Fields","slug":"advanced-custom-fields/acf.php","ver":"6.3.11","sig":"v1:nohash"}
[11-Dec-2024 06:21:34 UTC] auditor:scan=fingerprint {"blog_id":1,"kind":"active-plugin","name":"Classic Editor","slug":"classic-editor/classic-editor.php","ver":"1.6.5","sig":"v1:nohash"}
[11-Dec-2024 06:21:34 UTC] auditor:scan=fingerprint {"blog_id":1,"kind":"active-plugin","name":"Custom Post Type UI","slug":"custom-post-type-ui/custom-post-type-ui.php","ver":"1.17.1","sig":"v1:nohash"}
[11-Dec-2024 06:21:34 UTC] auditor:scan=fingerprint {"blog_id":1,"kind":"active-plugin","name":"Gravity Forms Advanced Post Creation Add-On","slug":"gravityformsadvancedpostcreation/advancedpostcreation.php","ver":"1.4.0","sig":"v1:nohash"}
[11-Dec-2024 06:21:34 UTC] auditor:scan=fingerprint {"blog_id":1,"kind":"active-plugin","name":"WP Crontrol","slug":"wp-crontrol/wp-crontrol.php","ver":"1.17.0","sig":"v1:nohash"}
[11-Dec-2024 06:21:34 UTC] auditor:scan=fingerprint {"blog_id":1,"kind":"active-plugin","name":"WP Migrate Lite","slug":"wp-migrate-db/wp-migrate-db.php","ver":"2.7.0","sig":"v1:nohash"}
[11-Dec-2024 06:21:34 UTC] auditor:scan=fingerprint {"blog_id":1,"kind":"installed-plugin","name":"Genesis Blocks","slug":"genesis-blocks/genesis-blocks.php","ver":"3.1.5","sig":"v1:nohash"}
[11-Dec-2024 06:24:21 UTC] auditor:event=wp_login {"user_id":1,"blog_id":1,"event":"wp_login","current_user_id":0,"remote_addr":"49.204.227.25"}
[11-Dec-2024 06:58:01 UTC] auditor:event=wp_login {"user_id":1,"blog_id":1,"event":"wp_login","current_user_id":0,"remote_addr":"49.204.227.25"}
[11-Dec-2024 07:03:25 UTC] auditor:event=wp_login {"user_id":1,"blog_id":1,"event":"wp_login","current_user_id":1,"remote_addr":"49.204.227.25"}
[11-Dec-2024 11:54:15 UTC] auditor:scan=fingerprint {"blog_id":1,"kind":"wp-core","name":"wp-includes","slug":"wp-includes","ver":"6.6.1","sig":"v1:nohash"}
[11-Dec-2024 11:54:15 UTC] auditor:scan=fingerprint {"blog_id":1,"kind":"wp-core","name":"wp-admin","slug":"wp-admin","ver":"6.6.1","sig":"v1:nohash"}
[11-Dec-2024 11:54:15 UTC] Automatic updates starting...
[11-Dec-2024 11:54:16 UTC]   Automatic plugin updates starting...
[11-Dec-2024 11:54:16 UTC]   Automatic plugin updates complete.
[11-Dec-2024 11:54:16 UTC]   Automatic theme updates starting...
[11-Dec-2024 11:54:16 UTC]   Automatic theme updates complete.
[11-Dec-2024 11:54:16 UTC] Automatic updates complete.
[12-Dec-2024 04:13:09 UTC] auditor:scan=fingerprint {"blog_id":1,"kind":"theme","name":"Genesis Block Theme","slug":"genesis-block-theme","ver":"1.0.0","sig":"v1:nohash"}
[12-Dec-2024 04:13:09 UTC] auditor:scan=fingerprint {"blog_id":1,"kind":"theme","name":"Twenty Twenty-Four","slug":"twentytwentyfour","ver":"1.2","sig":"v1:nohash"}
[12-Dec-2024 04:13:09 UTC] auditor:scan=fingerprint {"blog_id":1,"kind":"theme","name":"Twenty Twenty-Three","slug":"twentytwentythree","ver":"1.5","sig":"v1:nohash"}
[12-Dec-2024 04:13:09 UTC] auditor:scan=fingerprint {"blog_id":1,"kind":"theme","name":"Twenty Twenty-Two","slug":"twentytwentytwo","ver":"1.8","sig":"v1:nohash"}
[12-Dec-2024 04:13:09 UTC] auditor:scan=fingerprint {"blog_id":1,"kind":"mu-plugin","name":"WP Engine System","slug":"mu-plugin.php","ver":"6.3.0","sig":"v1:nohash"}
[12-Dec-2024 04:13:09 UTC] auditor:scan=fingerprint {"blog_id":1,"kind":"mu-plugin","name":"Force Strong Passwords - WPE Edition","slug":"slt-force-strong-passwords.php","ver":"1.8.0","sig":"v1:nohash"}
[12-Dec-2024 04:13:09 UTC] auditor:scan=fingerprint {"blog_id":1,"kind":"mu-plugin","name":"WP Migrate Lite Compatibility","slug":"wp-migrate-db-pro-compatibility.php","ver":"1.3","sig":"v1:nohash"}
[12-Dec-2024 04:13:09 UTC] auditor:scan=fingerprint {"blog_id":1,"kind":"mu-plugin","name":"WP Engine Cache Plugin","slug":"wpe-cache-plugin.php","ver":"1.3.2","sig":"v1:nohash"}
[12-Dec-2024 04:13:09 UTC] auditor:scan=fingerprint {"blog_id":1,"kind":"mu-plugin","name":"WP Engine Seamless Login Plugin","slug":"wpe-wp-sign-on-plugin.php","ver":"1.6.1","sig":"v1:nohash"}
[12-Dec-2024 04:13:09 UTC] auditor:scan=fingerprint {"blog_id":1,"kind":"mu-plugin","name":"WP Engine Security Auditor","slug":"wpengine-security-auditor.php","ver":"1.1.1","sig":"v1:nohash"}
[12-Dec-2024 04:13:09 UTC] auditor:scan=fingerprint {"blog_id":1,"kind":"active-plugin","name":"Gravity Forms","slug":"gravityforms/gravityforms.php","ver":"2.9.0","sig":"v1:nohash"}
[12-Dec-2024 04:13:09 UTC] auditor:scan=fingerprint {"blog_id":1,"kind":"active-plugin","name":"Advanced Custom Fields","slug":"advanced-custom-fields/acf.php","ver":"6.3.11","sig":"v1:nohash"}
[12-Dec-2024 04:13:09 UTC] auditor:scan=fingerprint {"blog_id":1,"kind":"active-plugin","name":"Classic Editor","slug":"classic-editor/classic-editor.php","ver":"1.6.5","sig":"v1:nohash"}
[12-Dec-2024 04:13:09 UTC] auditor:scan=fingerprint {"blog_id":1,"kind":"active-plugin","name":"Custom Post Type UI","slug":"custom-post-type-ui/custom-post-type-ui.php","ver":"1.17.1","sig":"v1:nohash"}
[12-Dec-2024 04:13:09 UTC] auditor:scan=fingerprint {"blog_id":1,"kind":"active-plugin","name":"Gravity Forms Advanced Post Creation Add-On","slug":"gravityformsadvancedpostcreation/advancedpostcreation.php","ver":"1.4.0","sig":"v1:nohash"}
[12-Dec-2024 04:13:09 UTC] auditor:scan=fingerprint {"blog_id":1,"kind":"active-plugin","name":"WP Crontrol","slug":"wp-crontrol/wp-crontrol.php","ver":"1.17.0","sig":"v1:nohash"}
[12-Dec-2024 04:13:09 UTC] auditor:scan=fingerprint {"blog_id":1,"kind":"active-plugin","name":"WP Migrate Lite","slug":"wp-migrate-db/wp-migrate-db.php","ver":"2.7.0","sig":"v1:nohash"}
[12-Dec-2024 04:13:09 UTC] auditor:scan=fingerprint {"blog_id":1,"kind":"installed-plugin","name":"Genesis Blocks","slug":"genesis-blocks/genesis-blocks.php","ver":"3.1.5","sig":"v1:nohash"}
[12-Dec-2024 04:13:09 UTC] auditor:scan=fingerprint {"blog_id":1,"kind":"theme","name":"Genesis Block Theme","slug":"genesis-block-theme","ver":"1.0.0","sig":"v1:nohash"}
[12-Dec-2024 04:13:09 UTC] auditor:scan=fingerprint {"blog_id":1,"kind":"theme","name":"Twenty Twenty-Four","slug":"twentytwentyfour","ver":"1.2","sig":"v1:nohash"}
[12-Dec-2024 04:13:09 UTC] auditor:scan=fingerprint {"blog_id":1,"kind":"theme","name":"Twenty Twenty-Three","slug":"twentytwentythree","ver":"1.5","sig":"v1:nohash"}
[12-Dec-2024 04:13:09 UTC] auditor:scan=fingerprint {"blog_id":1,"kind":"theme","name":"Twenty Twenty-Two","slug":"twentytwentytwo","ver":"1.8","sig":"v1:nohash"}
[12-Dec-2024 04:13:09 UTC] auditor:scan=fingerprint {"blog_id":1,"kind":"wp-core","name":"wp-includes","slug":"wp-includes","ver":"6.6.1","sig":"v1:nohash"}
[12-Dec-2024 04:13:09 UTC] auditor:scan=fingerprint {"blog_id":1,"kind":"wp-core","name":"wp-admin","slug":"wp-admin","ver":"6.6.1","sig":"v1:nohash"}
